This file contains any messages produced by compilers while
running configure, to aid debugging if configure makes a mistake.

It was created by Protocol Buffers configure 3.6.1, which was
generated by GNU Autoconf 2.69.  Invocation command line was

  $ ./configure 

## --------- ##
## Platform. ##
## --------- ##

hostname = dzcxdeMacBook-Air.local
uname -m = x86_64
uname -r = 17.7.0
uname -s = Darwin
uname -v = Darwin Kernel Version 17.7.0: Thu Jun 21 22:53:14 PDT 2018; root:xnu-4570.71.2~1/RELEASE_X86_64

/usr/bin/uname -p = i386
/bin/uname -X     = unknown

/bin/arch              = unknown
/usr/bin/arch -k       = unknown
/usr/convex/getsysinfo = unknown
/usr/bin/hostinfo      = Mach kernel version:
	 Darwin Kernel Version 17.7.0: Thu Jun 21 22:53:14 PDT 2018; root:xnu-4570.71.2~1/RELEASE_X86_64
Kernel configured for up to 4 processors.
2 processors are physically available.
4 processors are logically available.
Processor type: x86_64h (Intel x86-64h Haswell)
Processors active: 0 1 2 3
Primary memory available: 8.00 gigabytes
Default processor set: 359 tasks, 1666 threads, 4 processors
Load average: 2.11, Mach factor: 2.42
/bin/machine           = unknown
/usr/bin/oslevel       = unknown
/bin/universe          = unknown

PATH: /anaconda3/bin
PATH: /usr/local/bin
PATH: /usr/bin
PATH: /bin
PATH: /usr/sbin
PATH: /sbin


## ----------- ##
## Core tests. ##
## ----------- ##

configure:2608: checking whether to enable maintainer-specific portions of Makefiles
configure:2617: result: yes
configure:2692: checking build system type
configure:2706: result: x86_64-apple-darwin17.7.0
configure:2726: checking host system type
configure:2739: result: x86_64-apple-darwin17.7.0
configure:2759: checking target system type
configure:2772: result: x86_64-apple-darwin17.7.0
configure:2815: checking for a BSD-compatible install
configure:2883: result: /usr/bin/install -c
configure:2894: checking whether build environment is sane
configure:2949: result: yes
configure:3100: checking for a thread-safe mkdir -p
configure:3139: result: ./install-sh -c -d
configure:3146: checking for gawk
configure:3176: result: no
configure:3146: checking for mawk
configure:3176: result: no
configure:3146: checking for nawk
configure:3176: result: no
configure:3146: checking for awk
configure:3162: found /usr/bin/awk
configure:3173: result: awk
configure:3184: checking whether make sets $(MAKE)
configure:3206: result: yes
configure:3235: checking whether make supports nested variables
configure:3252: result: yes
configure:3341: checking whether UID '502' is supported by ustar format
configure:3344: result: yes
configure:3351: checking whether GID '20' is supported by ustar format
configure:3354: result: yes
configure:3362: checking how to create a ustar tar archive
configure:3373: tar --version
bsdtar 2.8.3 - libarchive 2.8.3
configure:3376: $? = 0
configure:3416: tardir=conftest.dir && eval tar --format=ustar -chf - "$tardir" >conftest.tar
configure:3419: $? = 0
configure:3423: tar -xf - <conftest.tar
configure:3426: $? = 0
configure:3428: cat conftest.dir/file
GrepMe
configure:3431: $? = 0
configure:3444: result: gnutar
configure:3576: checking for gcc
configure:3592: found /usr/bin/gcc
configure:3603: result: gcc
configure:3832: checking for C compiler version
configure:3841: gcc --version >&5
Apple LLVM version 10.0.0 (clang-1000.10.44.2)
Target: x86_64-apple-darwin17.7.0
Thread model: posix
InstalledDir: /Library/Developer/CommandLineTools/usr/bin
Configured with: --prefix=/Library/Developer/CommandLineTools/usr --with-gxx-include-dir=/usr/include/c++/4.2.1
configure:3852: $? = 0
configure:3841: gcc -v >&5
Configured with: --prefix=/Library/Developer/CommandLineTools/usr --with-gxx-include-dir=/usr/include/c++/4.2.1
Apple LLVM version 10.0.0 (clang-1000.10.44.2)
Target: x86_64-apple-darwin17.7.0
Thread model: posix
InstalledDir: /Library/Developer/CommandLineTools/usr/bin
configure:3852: $? = 0
configure:3841: gcc -V >&5
clang: error: argument to '-V' is missing (expected 1 value)
clang: error: no input files
configure:3852: $? = 1
configure:3841: gcc -qversion >&5
clang: error: unknown argument: '-qversion'
clang: error: no input files
configure:3852: $? = 1
configure:3872: checking whether the C compiler works
configure:3894: gcc    conftest.c  >&5
configure:3898: $? = 0
configure:3946: result: yes
configure:3949: checking for C compiler default output file name
configure:3951: result: a.out
configure:3957: checking for suffix of executables
configure:3964: gcc -o conftest    conftest.c  >&5
configure:3968: $? = 0
configure:3990: result: 
configure:4012: checking whether we are cross compiling
configure:4020: gcc -o conftest    conftest.c  >&5
configure:4024: $? = 0
configure:4031: ./conftest
configure:4035: $? = 0
configure:4050: result: no
configure:4055: checking for suffix of object files
configure:4077: gcc -c   conftest.c >&5
configure:4081: $? = 0
configure:4102: result: o
configure:4106: checking whether we are using the GNU C compiler
configure:4125: gcc -c   conftest.c >&5
configure:4125: $? = 0
configure:4134: result: yes
configure:4143: checking whether gcc accepts -g
configure:4163: gcc -c -g  conftest.c >&5
configure:4163: $? = 0
configure:4204: result: yes
configure:4221: checking for gcc option to accept ISO C89
configure:4284: gcc  -c   conftest.c >&5
configure:4284: $? = 0
configure:4297: result: none needed
configure:4322: checking whether gcc understands -c and -o together
configure:4344: gcc -c conftest.c -o conftest2.o
configure:4347: $? = 0
configure:4344: gcc -c conftest.c -o conftest2.o
configure:4347: $? = 0
configure:4359: result: yes
configure:4387: checking for style of include used by make
configure:4415: result: GNU
configure:4441: checking dependency style of gcc
configure:4552: result: gcc3
configure:4625: checking for g++
configure:4641: found /usr/bin/g++
configure:4652: result: g++
configure:4679: checking for C++ compiler version
configure:4688: g++ --version >&5
Apple LLVM version 10.0.0 (clang-1000.10.44.2)
Target: x86_64-apple-darwin17.7.0
Thread model: posix
InstalledDir: /Library/Developer/CommandLineTools/usr/bin
Configured with: --prefix=/Library/Developer/CommandLineTools/usr --with-gxx-include-dir=/usr/include/c++/4.2.1
configure:4699: $? = 0
configure:4688: g++ -v >&5
Configured with: --prefix=/Library/Developer/CommandLineTools/usr --with-gxx-include-dir=/usr/include/c++/4.2.1
Apple LLVM version 10.0.0 (clang-1000.10.44.2)
Target: x86_64-apple-darwin17.7.0
Thread model: posix
InstalledDir: /Library/Developer/CommandLineTools/usr/bin
configure:4699: $? = 0
configure:4688: g++ -V >&5
clang: error: argument to '-V' is missing (expected 1 value)
clang: error: no input files
configure:4699: $? = 1
configure:4688: g++ -qversion >&5
clang: error: unknown argument: '-qversion'
clang: error: no input files
configure:4699: $? = 1
configure:4703: checking whether we are using the GNU C++ compiler
configure:4722: g++ -c   conftest.cpp >&5
configure:4722: $? = 0
configure:4731: result: yes
configure:4740: checking whether g++ accepts -g
configure:4760: g++ -c -g  conftest.cpp >&5
configure:4760: $? = 0
configure:4801: result: yes
configure:4826: checking dependency style of g++
configure:4937: result: gcc3
configure:4957: checking how to run the C preprocessor
configure:4988: gcc -E  conftest.c
configure:4988: $? = 0
configure:5002: gcc -E  conftest.c
conftest.c:11:10: fatal error: 'ac_nonexistent.h' file not found
#include <ac_nonexistent.h>
         ^~~~~~~~~~~~~~~~~~
1 error generated.
configure:5002: $? = 1
configure: failed program was:
| /* confdefs.h */
| #define PACKAGE_NAME "Protocol Buffers"
| #define PACKAGE_TARNAME "protobuf"
| #define PACKAGE_VERSION "3.6.1"
| #define PACKAGE_STRING "Protocol Buffers 3.6.1"
| #define PACKAGE_BUGREPORT "protobuf@googlegroups.com"
| #define PACKAGE_URL ""
| #define PACKAGE "protobuf"
| #define VERSION "3.6.1"
| /* end confdefs.h.  */
| #include <ac_nonexistent.h>
configure:5027: result: gcc -E
configure:5047: gcc -E  conftest.c
configure:5047: $? = 0
configure:5061: gcc -E  conftest.c
conftest.c:11:10: fatal error: 'ac_nonexistent.h' file not found
#include <ac_nonexistent.h>
         ^~~~~~~~~~~~~~~~~~
1 error generated.
configure:5061: $? = 1
configure: failed program was:
| /* confdefs.h */
| #define PACKAGE_NAME "Protocol Buffers"
| #define PACKAGE_TARNAME "protobuf"
| #define PACKAGE_VERSION "3.6.1"
| #define PACKAGE_STRING "Protocol Buffers 3.6.1"
| #define PACKAGE_BUGREPORT "protobuf@googlegroups.com"
| #define PACKAGE_URL ""
| #define PACKAGE "protobuf"
| #define VERSION "3.6.1"
| /* end confdefs.h.  */
| #include <ac_nonexistent.h>
configure:5145: checking for gcc
configure:5161: found /usr/bin/gcc
configure:5172: result: gcc
configure:5401: checking for C compiler version
configure:5410: gcc --version >&5
Apple LLVM version 10.0.0 (clang-1000.10.44.2)
Target: x86_64-apple-darwin17.7.0
Thread model: posix
InstalledDir: /Library/Developer/CommandLineTools/usr/bin
Configured with: --prefix=/Library/Developer/CommandLineTools/usr --with-gxx-include-dir=/usr/include/c++/4.2.1
configure:5421: $? = 0
configure:5410: gcc -v >&5
Configured with: --prefix=/Library/Developer/CommandLineTools/usr --with-gxx-include-dir=/usr/include/c++/4.2.1
Apple LLVM version 10.0.0 (clang-1000.10.44.2)
Target: x86_64-apple-darwin17.7.0
Thread model: posix
InstalledDir: /Library/Developer/CommandLineTools/usr/bin
configure:5421: $? = 0
configure:5410: gcc -V >&5
clang: error: argument to '-V' is missing (expected 1 value)
clang: error: no input files
configure:5421: $? = 1
configure:5410: gcc -qversion >&5
clang: error: unknown argument: '-qversion'
clang: error: no input files
configure:5421: $? = 1
configure:5425: checking whether we are using the GNU C compiler
configure:5453: result: yes
configure:5462: checking whether gcc accepts -g
configure:5482: gcc -c   conftest.c >&5
configure:5482: $? = 0
configure:5523: result: yes
configure:5540: checking for gcc option to accept ISO C89
configure:5616: result: none needed
configure:5641: checking whether gcc understands -c and -o together
configure:5678: result: yes
configure:5697: checking dependency style of gcc
configure:5808: result: gcc3
configure:5828: checking how to run the C preprocessor
configure:5859: gcc -E  conftest.c
configure:5859: $? = 0
configure:5873: gcc -E  conftest.c
conftest.c:11:10: fatal error: 'ac_nonexistent.h' file not found
#include <ac_nonexistent.h>
         ^~~~~~~~~~~~~~~~~~
1 error generated.
configure:5873: $? = 1
configure: failed program was:
| /* confdefs.h */
| #define PACKAGE_NAME "Protocol Buffers"
| #define PACKAGE_TARNAME "protobuf"
| #define PACKAGE_VERSION "3.6.1"
| #define PACKAGE_STRING "Protocol Buffers 3.6.1"
| #define PACKAGE_BUGREPORT "protobuf@googlegroups.com"
| #define PACKAGE_URL ""
| #define PACKAGE "protobuf"
| #define VERSION "3.6.1"
| /* end confdefs.h.  */
| #include <ac_nonexistent.h>
configure:5898: result: gcc -E
configure:5918: gcc -E  conftest.c
configure:5918: $? = 0
configure:5932: gcc -E  conftest.c
conftest.c:11:10: fatal error: 'ac_nonexistent.h' file not found
#include <ac_nonexistent.h>
         ^~~~~~~~~~~~~~~~~~
1 error generated.
configure:5932: $? = 1
configure: failed program was:
| /* confdefs.h */
| #define PACKAGE_NAME "Protocol Buffers"
| #define PACKAGE_TARNAME "protobuf"
| #define PACKAGE_VERSION "3.6.1"
| #define PACKAGE_STRING "Protocol Buffers 3.6.1"
| #define PACKAGE_BUGREPORT "protobuf@googlegroups.com"
| #define PACKAGE_URL ""
| #define PACKAGE "protobuf"
| #define VERSION "3.6.1"
| /* end confdefs.h.  */
| #include <ac_nonexistent.h>
configure:5974: checking how to run the C++ preprocessor
configure:6001: g++ -E  conftest.cpp
configure:6001: $? = 0
configure:6015: g++ -E  conftest.cpp
conftest.cpp:11:10: fatal error: 'ac_nonexistent.h' file not found
#include <ac_nonexistent.h>
         ^~~~~~~~~~~~~~~~~~
1 error generated.
configure:6015: $? = 1
configure: failed program was:
| /* confdefs.h */
| #define PACKAGE_NAME "Protocol Buffers"
| #define PACKAGE_TARNAME "protobuf"
| #define PACKAGE_VERSION "3.6.1"
| #define PACKAGE_STRING "Protocol Buffers 3.6.1"
| #define PACKAGE_BUGREPORT "protobuf@googlegroups.com"
| #define PACKAGE_URL ""
| #define PACKAGE "protobuf"
| #define VERSION "3.6.1"
| /* end confdefs.h.  */
| #include <ac_nonexistent.h>
configure:6040: result: g++ -E
configure:6060: g++ -E  conftest.cpp
configure:6060: $? = 0
configure:6074: g++ -E  conftest.cpp
conftest.cpp:11:10: fatal error: 'ac_nonexistent.h' file not found
#include <ac_nonexistent.h>
         ^~~~~~~~~~~~~~~~~~
1 error generated.
configure:6074: $? = 1
configure: failed program was:
| /* confdefs.h */
| #define PACKAGE_NAME "Protocol Buffers"
| #define PACKAGE_TARNAME "protobuf"
| #define PACKAGE_VERSION "3.6.1"
| #define PACKAGE_STRING "Protocol Buffers 3.6.1"
| #define PACKAGE_BUGREPORT "protobuf@googlegroups.com"
| #define PACKAGE_URL ""
| #define PACKAGE "protobuf"
| #define VERSION "3.6.1"
| /* end confdefs.h.  */
| #include <ac_nonexistent.h>
configure:6167: checking for g++
configure:6183: found /usr/bin/g++
configure:6194: result: g++
configure:6221: checking for C++ compiler version
configure:6230: g++ --version >&5
Apple LLVM version 10.0.0 (clang-1000.10.44.2)
Target: x86_64-apple-darwin17.7.0
Thread model: posix
InstalledDir: /Library/Developer/CommandLineTools/usr/bin
Configured with: --prefix=/Library/Developer/CommandLineTools/usr --with-gxx-include-dir=/usr/include/c++/4.2.1
configure:6241: $? = 0
configure:6230: g++ -v >&5
Configured with: --prefix=/Library/Developer/CommandLineTools/usr --with-gxx-include-dir=/usr/include/c++/4.2.1
Apple LLVM version 10.0.0 (clang-1000.10.44.2)
Target: x86_64-apple-darwin17.7.0
Thread model: posix
InstalledDir: /Library/Developer/CommandLineTools/usr/bin
configure:6241: $? = 0
configure:6230: g++ -V >&5
clang: error: argument to '-V' is missing (expected 1 value)
clang: error: no input files
configure:6241: $? = 1
configure:6230: g++ -qversion >&5
clang: error: unknown argument: '-qversion'
clang: error: no input files
configure:6241: $? = 1
configure:6245: checking whether we are using the GNU C++ compiler
configure:6273: result: yes
configure:6282: checking whether g++ accepts -g
configure:6302: gcc -c   conftest.cpp >&5
configure:6302: $? = 0
configure:6343: result: yes
configure:6368: checking dependency style of g++
configure:6479: result: gcc3
configure:6499: checking how to run the C++ preprocessor
configure:6526: g++ -E  conftest.cpp
configure:6526: $? = 0
configure:6540: g++ -E  conftest.cpp
conftest.cpp:11:10: fatal error: 'ac_nonexistent.h' file not found
#include <ac_nonexistent.h>
         ^~~~~~~~~~~~~~~~~~
1 error generated.
configure:6540: $? = 1
configure: failed program was:
| /* confdefs.h */
| #define PACKAGE_NAME "Protocol Buffers"
| #define PACKAGE_TARNAME "protobuf"
| #define PACKAGE_VERSION "3.6.1"
| #define PACKAGE_STRING "Protocol Buffers 3.6.1"
| #define PACKAGE_BUGREPORT "protobuf@googlegroups.com"
| #define PACKAGE_URL ""
| #define PACKAGE "protobuf"
| #define VERSION "3.6.1"
| /* end confdefs.h.  */
| #include <ac_nonexistent.h>
configure:6565: result: g++ -E
configure:6585: g++ -E  conftest.cpp
configure:6585: $? = 0
configure:6599: g++ -E  conftest.cpp
conftest.cpp:11:10: fatal error: 'ac_nonexistent.h' file not found
#include <ac_nonexistent.h>
         ^~~~~~~~~~~~~~~~~~
1 error generated.
configure:6599: $? = 1
configure: failed program was:
| /* confdefs.h */
| #define PACKAGE_NAME "Protocol Buffers"
| #define PACKAGE_TARNAME "protobuf"
| #define PACKAGE_VERSION "3.6.1"
| #define PACKAGE_STRING "Protocol Buffers 3.6.1"
| #define PACKAGE_BUGREPORT "protobuf@googlegroups.com"
| #define PACKAGE_URL ""
| #define PACKAGE "protobuf"
| #define VERSION "3.6.1"
| /* end confdefs.h.  */
| #include <ac_nonexistent.h>
configure:6641: checking for grep that handles long lines and -e
configure:6699: result: /usr/bin/grep
configure:6704: checking for egrep
configure:6766: result: /usr/bin/grep -E
configure:6771: checking for ANSI C header files
configure:6791: g++ -c   conftest.cpp >&5
configure:6791: $? = 0
configure:6864: g++ -o conftest    conftest.cpp  >&5
configure:6864: $? = 0
configure:6864: ./conftest
configure:6864: $? = 0
configure:6875: result: yes
configure:6888: checking for sys/types.h
configure:6888: g++ -c   conftest.cpp >&5
configure:6888: $? = 0
configure:6888: result: yes
configure:6888: checking for sys/stat.h
configure:6888: g++ -c   conftest.cpp >&5
configure:6888: $? = 0
configure:6888: result: yes
configure:6888: checking for stdlib.h
configure:6888: g++ -c   conftest.cpp >&5
configure:6888: $? = 0
configure:6888: result: yes
configure:6888: checking for string.h
configure:6888: g++ -c   conftest.cpp >&5
configure:6888: $? = 0
configure:6888: result: yes
configure:6888: checking for memory.h
configure:6888: g++ -c   conftest.cpp >&5
configure:6888: $? = 0
configure:6888: result: yes
configure:6888: checking for strings.h
configure:6888: g++ -c   conftest.cpp >&5
configure:6888: $? = 0
configure:6888: result: yes
configure:6888: checking for inttypes.h
configure:6888: g++ -c   conftest.cpp >&5
configure:6888: $? = 0
configure:6888: result: yes
configure:6888: checking for stdint.h
configure:6888: g++ -c   conftest.cpp >&5
configure:6888: $? = 0
configure:6888: result: yes
configure:6888: checking for unistd.h
configure:6888: g++ -c   conftest.cpp >&5
configure:6888: $? = 0
configure:6888: result: yes
configure:6901: checking minix/config.h usability
configure:6901: g++ -c   conftest.cpp >&5
conftest.cpp:54:10: fatal error: 'minix/config.h' file not found
#include <minix/config.h>
         ^~~~~~~~~~~~~~~~
1 error generated.
configure:6901: $? = 1
configure: failed program was:
| /* confdefs.h */
| #define PACKAGE_NAME "Protocol Buffers"
| #define PACKAGE_TARNAME "protobuf"
| #define PACKAGE_VERSION "3.6.1"
| #define PACKAGE_STRING "Protocol Buffers 3.6.1"
| #define PACKAGE_BUGREPORT "protobuf@googlegroups.com"
| #define PACKAGE_URL ""
| #define PACKAGE "protobuf"
| #define VERSION "3.6.1"
| #define STDC_HEADERS 1
| #define HAVE_SYS_TYPES_H 1
| #define HAVE_SYS_STAT_H 1
| #define HAVE_STDLIB_H 1
| #define HAVE_STRING_H 1
| #define HAVE_MEMORY_H 1
| #define HAVE_STRINGS_H 1
| #define HAVE_INTTYPES_H 1
| #define HAVE_STDINT_H 1
| #define HAVE_UNISTD_H 1
| /* end confdefs.h.  */
| #include <stdio.h>
| #ifdef HAVE_SYS_TYPES_H
| # include <sys/types.h>
| #endif
| #ifdef HAVE_SYS_STAT_H
| # include <sys/stat.h>
| #endif
| #ifdef STDC_HEADERS
| # include <stdlib.h>
| # include <stddef.h>
| #else
| # ifdef HAVE_STDLIB_H
| #  include <stdlib.h>
| # endif
| #endif
| #ifdef HAVE_STRING_H
| # if !defined STDC_HEADERS && defined HAVE_MEMORY_H
| #  include <memory.h>
| # endif
| # include <string.h>
| #endif
| #ifdef HAVE_STRINGS_H
| # include <strings.h>
| #endif
| #ifdef HAVE_INTTYPES_H
| # include <inttypes.h>
| #endif
| #ifdef HAVE_STDINT_H
| # include <stdint.h>
| #endif
| #ifdef HAVE_UNISTD_H
| # include <unistd.h>
| #endif
| #include <minix/config.h>
configure:6901: result: no
configure:6901: checking minix/config.h presence
configure:6901: g++ -E  conftest.cpp
conftest.cpp:21:10: fatal error: 'minix/config.h' file not found
#include <minix/config.h>
         ^~~~~~~~~~~~~~~~
1 error generated.
configure:6901: $? = 1
configure: failed program was:
| /* confdefs.h */
| #define PACKAGE_NAME "Protocol Buffers"
| #define PACKAGE_TARNAME "protobuf"
| #define PACKAGE_VERSION "3.6.1"
| #define PACKAGE_STRING "Protocol Buffers 3.6.1"
| #define PACKAGE_BUGREPORT "protobuf@googlegroups.com"
| #define PACKAGE_URL ""
| #define PACKAGE "protobuf"
| #define VERSION "3.6.1"
| #define STDC_HEADERS 1
| #define HAVE_SYS_TYPES_H 1
| #define HAVE_SYS_STAT_H 1
| #define HAVE_STDLIB_H 1
| #define HAVE_STRING_H 1
| #define HAVE_MEMORY_H 1
| #define HAVE_STRINGS_H 1
| #define HAVE_INTTYPES_H 1
| #define HAVE_STDINT_H 1
| #define HAVE_UNISTD_H 1
| /* end confdefs.h.  */
| #include <minix/config.h>
configure:6901: result: no
configure:6901: checking for minix/config.h
configure:6901: result: no
configure:6922: checking whether it is safe to define __EXTENSIONS__
configure:6940: g++ -c   conftest.cpp >&5
configure:6940: $? = 0
configure:6947: result: yes
configure:7016: checking for ar
configure:7032: found /usr/bin/ar
configure:7043: result: ar
configure:7069: checking the archiver (ar) interface
configure:7085: gcc -c   conftest.c >&5
configure:7085: $? = 0
configure:7087: ar cru libconftest.a conftest.o >&5
configure:7090: $? = 0
configure:7118: result: ar
configure:7200: checking for gcc
configure:7216: found /usr/bin/gcc
configure:7227: result: gcc
configure:7252: checking for Objective C compiler version
configure:7261: gcc --version >&5
Apple LLVM version 10.0.0 (clang-1000.10.44.2)
Target: x86_64-apple-darwin17.7.0
Thread model: posix
InstalledDir: /Library/Developer/CommandLineTools/usr/bin
Configured with: --prefix=/Library/Developer/CommandLineTools/usr --with-gxx-include-dir=/usr/include/c++/4.2.1
configure:7272: $? = 0
configure:7261: gcc -v >&5
Configured with: --prefix=/Library/Developer/CommandLineTools/usr --with-gxx-include-dir=/usr/include/c++/4.2.1
Apple LLVM version 10.0.0 (clang-1000.10.44.2)
Target: x86_64-apple-darwin17.7.0
Thread model: posix
InstalledDir: /Library/Developer/CommandLineTools/usr/bin
configure:7272: $? = 0
configure:7261: gcc -V >&5
clang: error: argument to '-V' is missing (expected 1 value)
clang: error: no input files
configure:7272: $? = 1
configure:7261: gcc -qversion >&5
clang: error: unknown argument: '-qversion'
clang: error: no input files
configure:7272: $? = 1
configure:7276: checking whether we are using the GNU Objective C compiler
configure:7295: gcc -c   conftest.m >&5
configure:7295: $? = 0
configure:7304: result: yes
configure:7313: checking whether gcc accepts -g
configure:7333: gcc -c -g  conftest.m >&5
configure:7333: $? = 0
configure:7374: result: yes
configure:7399: checking dependency style of gcc
configure:7508: result: gcc3
configure:7525: checking C++ compiler flags...
configure:7541: result: use default: -O2  -g -std=c++11 -DNDEBUG
configure:7561: checking whether __SUNPRO_CC is declared
configure:7561: g++ -c  -g -std=c++11 -DNDEBUG  conftest.cpp >&5
conftest.cpp:64:10: error: use of undeclared identifier '__SUNPRO_CC'
  (void) __SUNPRO_CC;
         ^
1 error generated.
configure:7561: $? = 1
configure: failed program was:
| /* confdefs.h */
| #define PACKAGE_NAME "Protocol Buffers"
| #define PACKAGE_TARNAME "protobuf"
| #define PACKAGE_VERSION "3.6.1"
| #define PACKAGE_STRING "Protocol Buffers 3.6.1"
| #define PACKAGE_BUGREPORT "protobuf@googlegroups.com"
| #define PACKAGE_URL ""
| #define PACKAGE "protobuf"
| #define VERSION "3.6.1"
| #define STDC_HEADERS 1
| #define HAVE_SYS_TYPES_H 1
| #define HAVE_SYS_STAT_H 1
| #define HAVE_STDLIB_H 1
| #define HAVE_STRING_H 1
| #define HAVE_MEMORY_H 1
| #define HAVE_STRINGS_H 1
| #define HAVE_INTTYPES_H 1
| #define HAVE_STDINT_H 1
| #define HAVE_UNISTD_H 1
| #define __EXTENSIONS__ 1
| #define _ALL_SOURCE 1
| #define _GNU_SOURCE 1
| #define _POSIX_PTHREAD_SEMANTICS 1
| #define _TANDEM_SOURCE 1
| /* end confdefs.h.  */
| #include <stdio.h>
| #ifdef HAVE_SYS_TYPES_H
| # include <sys/types.h>
| #endif
| #ifdef HAVE_SYS_STAT_H
| # include <sys/stat.h>
| #endif
| #ifdef STDC_HEADERS
| # include <stdlib.h>
| # include <stddef.h>
| #else
| # ifdef HAVE_STDLIB_H
| #  include <stdlib.h>
| # endif
| #endif
| #ifdef HAVE_STRING_H
| # if !defined STDC_HEADERS && defined HAVE_MEMORY_H
| #  include <memory.h>
| # endif
| # include <string.h>
| #endif
| #ifdef HAVE_STRINGS_H
| # include <strings.h>
| #endif
| #ifdef HAVE_INTTYPES_H
| # include <inttypes.h>
| #endif
| #ifdef HAVE_STDINT_H
| # include <stdint.h>
| #endif
| #ifdef HAVE_UNISTD_H
| # include <unistd.h>
| #endif
| int
| main ()
| {
| #ifndef __SUNPRO_CC
| #ifdef __cplusplus
|   (void) __SUNPRO_CC;
| #else
|   (void) __SUNPRO_CC;
| #endif
| #endif
| 
|   ;
|   return 0;
| }
configure:7561: result: no
configure:7725: checking how to print strings
configure:7752: result: printf
configure:7773: checking for a sed that does not truncate output
configure:7837: result: /usr/bin/sed
configure:7855: checking for fgrep
configure:7917: result: /usr/bin/grep -F
configure:7952: checking for ld used by gcc
configure:8019: result: /Library/Developer/CommandLineTools/usr/bin/ld
configure:8026: checking if the linker (/Library/Developer/CommandLineTools/usr/bin/ld) is GNU ld
configure:8041: result: no
configure:8053: checking for BSD- or MS-compatible name lister (nm)
configure:8107: result: /usr/bin/nm -B
configure:8237: checking the name lister (/usr/bin/nm -B) interface
configure:8244: g++ -c  -g -std=c++11 -DNDEBUG  conftest.cpp >&5
configure:8247: /usr/bin/nm -B "conftest.o"
configure:8250: output
00000000000001ec S _some_variable
configure:8257: result: BSD nm
configure:8260: checking whether ln -s works
configure:8264: result: yes
configure:8272: checking the maximum length of command line arguments
configure:8403: result: 196608
configure:8451: checking how to convert x86_64-apple-darwin17.7.0 file names to x86_64-apple-darwin17.7.0 format
configure:8491: result: func_convert_file_noop
configure:8498: checking how to convert x86_64-apple-darwin17.7.0 file names to toolchain format
configure:8518: result: func_convert_file_noop
configure:8525: checking for /Library/Developer/CommandLineTools/usr/bin/ld option to reload object files
configure:8532: result: -r
configure:8606: checking for objdump
configure:8622: found /usr/bin/objdump
configure:8633: result: objdump
configure:8665: checking how to recognize dependent libraries
configure:8865: result: pass_all
configure:8950: checking for dlltool
configure:8980: result: no
configure:9010: checking how to associate runtime and link libraries
configure:9037: result: printf %s\n
configure:9161: checking for archiver @FILE support
configure:9178: g++ -c  -g -std=c++11 -DNDEBUG  conftest.cpp >&5
configure:9178: $? = 0
configure:9181: ar cru libconftest.a @conftest.lst >&5
ar: @conftest.lst: No such file or directory
configure:9184: $? = 1
configure:9204: result: no
configure:9262: checking for strip
configure:9278: found /usr/bin/strip
configure:9289: result: strip
configure:9361: checking for ranlib
configure:9377: found /usr/bin/ranlib
configure:9388: result: ranlib
configure:9490: checking command to parse /usr/bin/nm -B output from gcc object
configure:9643: g++ -c  -g -std=c++11 -DNDEBUG  conftest.cpp >&5
configure:9646: $? = 0
configure:9650: /usr/bin/nm -B conftest.o \| sed -n -e 's/^.*[ ]\([BCDEGRST][BCDEGRST]*\)[ ][ ]*\([_A-Za-z][_A-Za-z0-9]*\)$/\1 \2 \2/p' | sed '/ __gnu_lto/d' \> conftest.nm
configure:9653: $? = 0
cannot find nm_test_var in conftest.nm
configure:9643: g++ -c  -g -std=c++11 -DNDEBUG  conftest.cpp >&5
configure:9646: $? = 0
configure:9650: /usr/bin/nm -B conftest.o \| sed -n -e 's/^.*[ ]\([BCDEGRST][BCDEGRST]*\)[ ][ ]*_\([_A-Za-z][_A-Za-z0-9]*\)$/\1 _\2 \2/p' | sed '/ __gnu_lto/d' \> conftest.nm
configure:9653: $? = 0
configure:9719: g++ -o conftest  -g -std=c++11 -DNDEBUG   conftest.cpp conftstm.o >&5
configure:9722: $? = 0
configure:9760: result: ok
configure:9807: checking for sysroot
configure:9837: result: no
configure:9844: checking for a working dd
configure:9882: result: /bin/dd
configure:9886: checking how to truncate binary pipes
configure:9901: result: /bin/dd bs=4096 count=1
configure:10230: checking for mt
configure:10260: result: no
configure:10280: checking if : is a manifest tool
configure:10286: : '-?'
configure:10294: result: no
configure:10350: checking for dsymutil
configure:10366: found /usr/bin/dsymutil
configure:10377: result: dsymutil
configure:10442: checking for nmedit
configure:10458: found /usr/bin/nmedit
configure:10469: result: nmedit
configure:10534: checking for lipo
configure:10550: found /usr/bin/lipo
configure:10561: result: lipo
configure:10626: checking for otool
configure:10642: found /usr/bin/otool
configure:10653: result: otool
configure:10718: checking for otool64
configure:10748: result: no
configure:10793: checking for -single_module linker flag
gcc   -o libconftest.dylib -dynamiclib -Wl,-single_module conftest.c
configure:10826: result: yes
configure:10829: checking for -exported_symbols_list linker flag
configure:10849: g++ -o conftest  -g -std=c++11 -DNDEBUG   -Wl,-exported_symbols_list,conftest.sym conftest.cpp  >&5
configure:10849: $? = 0
configure:10859: result: yes
configure:10862: checking for -force_load linker flag
gcc  -c -o conftest.o conftest.c
ar cru libconftest.a conftest.o
ranlib libconftest.a
gcc   -o conftest conftest.c -Wl,-force_load,./libconftest.a
configure:10894: result: yes
configure:10968: checking for dlfcn.h
configure:10968: g++ -c  -g -std=c++11 -DNDEBUG  conftest.cpp >&5
configure:10968: $? = 0
configure:10968: result: yes
configure:11234: checking for objdir
configure:11249: result: .libs
configure:11513: checking if gcc supports -fno-rtti -fno-exceptions
configure:11531: gcc -c   -fno-rtti -fno-exceptions conftest.c >&5
configure:11535: $? = 0
configure:11548: result: yes
configure:11906: checking for gcc option to produce PIC
configure:11913: result: -fno-common -DPIC
configure:11921: checking if gcc PIC flag -fno-common -DPIC works
configure:11939: gcc -c   -fno-common -DPIC -DPIC conftest.c >&5
configure:11943: $? = 0
configure:11956: result: yes
configure:11985: checking if gcc static flag -static works
configure:12013: result: no
configure:12028: checking if gcc supports -c -o file.o
configure:12049: gcc -c   -o out/conftest2.o conftest.c >&5
configure:12053: $? = 0
configure:12075: result: yes
configure:12083: checking if gcc supports -c -o file.o
configure:12130: result: yes
configure:12163: checking whether the gcc linker (/Library/Developer/CommandLineTools/usr/bin/ld) supports shared libraries
configure:13422: result: yes
configure:13662: checking dynamic linker characteristics
configure:14480: result: darwin17.7.0 dyld
configure:14602: checking how to hardcode library paths into programs
configure:14627: result: immediate
configure:15175: checking whether stripping libraries is possible
configure:15189: result: yes
configure:15215: checking if libtool supports shared libraries
configure:15217: result: yes
configure:15220: checking whether to build shared libraries
configure:15245: result: yes
configure:15248: checking whether to build static libraries
configure:15252: result: yes
configure:15275: checking how to run the C++ preprocessor
configure:15341: result: g++ -E
configure:15361: g++ -E  conftest.cpp
configure:15361: $? = 0
configure:15375: g++ -E  conftest.cpp
conftest.cpp:28:10: fatal error: 'ac_nonexistent.h' file not found
#include <ac_nonexistent.h>
         ^~~~~~~~~~~~~~~~~~
1 error generated.
configure:15375: $? = 1
configure: failed program was:
| /* confdefs.h */
| #define PACKAGE_NAME "Protocol Buffers"
| #define PACKAGE_TARNAME "protobuf"
| #define PACKAGE_VERSION "3.6.1"
| #define PACKAGE_STRING "Protocol Buffers 3.6.1"
| #define PACKAGE_BUGREPORT "protobuf@googlegroups.com"
| #define PACKAGE_URL ""
| #define PACKAGE "protobuf"
| #define VERSION "3.6.1"
| #define STDC_HEADERS 1
| #define HAVE_SYS_TYPES_H 1
| #define HAVE_SYS_STAT_H 1
| #define HAVE_STDLIB_H 1
| #define HAVE_STRING_H 1
| #define HAVE_MEMORY_H 1
| #define HAVE_STRINGS_H 1
| #define HAVE_INTTYPES_H 1
| #define HAVE_STDINT_H 1
| #define HAVE_UNISTD_H 1
| #define __EXTENSIONS__ 1
| #define _ALL_SOURCE 1
| #define _GNU_SOURCE 1
| #define _POSIX_PTHREAD_SEMANTICS 1
| #define _TANDEM_SOURCE 1
| #define HAVE_DLFCN_H 1
| #define LT_OBJDIR ".libs/"
| /* end confdefs.h.  */
| #include <ac_nonexistent.h>
configure:15537: checking for ld used by g++
configure:15604: result: /Library/Developer/CommandLineTools/usr/bin/ld
configure:15611: checking if the linker (/Library/Developer/CommandLineTools/usr/bin/ld) is GNU ld
configure:15626: result: no
configure:15681: checking whether the g++ linker (/Library/Developer/CommandLineTools/usr/bin/ld) supports shared libraries
configure:16754: result: yes
configure:16790: g++ -c  -g -std=c++11 -DNDEBUG  conftest.cpp >&5
configure:16793: $? = 0
configure:17274: checking for g++ option to produce PIC
configure:17281: result: -fno-common -DPIC
configure:17289: checking if g++ PIC flag -fno-common -DPIC works
configure:17307: g++ -c  -g -std=c++11 -DNDEBUG  -fno-common -DPIC -DPIC conftest.cpp >&5
configure:17311: $? = 0
configure:17324: result: yes
configure:17347: checking if g++ static flag -static works
configure:17375: result: no
configure:17387: checking if g++ supports -c -o file.o
configure:17408: g++ -c  -g -std=c++11 -DNDEBUG  -o out/conftest2.o conftest.cpp >&5
configure:17412: $? = 0
configure:17434: result: yes
configure:17439: checking if g++ supports -c -o file.o
configure:17486: result: yes
configure:17516: checking whether the g++ linker (/Library/Developer/CommandLineTools/usr/bin/ld) supports shared libraries
configure:17556: result: yes
configure:17697: checking dynamic linker characteristics
configure:18442: result: darwin17.7.0 dyld
configure:18507: checking how to hardcode library paths into programs
configure:18532: result: immediate
configure:18595: checking whether the linker supports version scripts
configure:18611: g++ -o conftest  -g -std=c++11 -DNDEBUG   -Wl,--version-script=conftest.map conftest.cpp  >&5
ld: unknown option: --version-script=conftest.map
clang: error: linker command failed with exit code 1 (use -v to see invocation)
configure:18611: $? = 1
configure: failed program was:
| /* confdefs.h */
| #define PACKAGE_NAME "Protocol Buffers"
| #define PACKAGE_TARNAME "protobuf"
| #define PACKAGE_VERSION "3.6.1"
| #define PACKAGE_STRING "Protocol Buffers 3.6.1"
| #define PACKAGE_BUGREPORT "protobuf@googlegroups.com"
| #define PACKAGE_URL ""
| #define PACKAGE "protobuf"
| #define VERSION "3.6.1"
| #define STDC_HEADERS 1
| #define HAVE_SYS_TYPES_H 1
| #define HAVE_SYS_STAT_H 1
| #define HAVE_STDLIB_H 1
| #define HAVE_STRING_H 1
| #define HAVE_MEMORY_H 1
| #define HAVE_STRINGS_H 1
| #define HAVE_INTTYPES_H 1
| #define HAVE_STDINT_H 1
| #define HAVE_UNISTD_H 1
| #define __EXTENSIONS__ 1
| #define _ALL_SOURCE 1
| #define _GNU_SOURCE 1
| #define _POSIX_PTHREAD_SEMANTICS 1
| #define _TANDEM_SOURCE 1
| #define HAVE_DLFCN_H 1
| #define LT_OBJDIR ".libs/"
| /* end confdefs.h.  */
| int main() { return 0; }
configure:18615: result: no
configure:18631: checking for ANSI C header files
configure:18735: result: yes
configure:18746: checking fcntl.h usability
configure:18746: g++ -c  -g -std=c++11 -DNDEBUG  conftest.cpp >&5
configure:18746: $? = 0
configure:18746: result: yes
configure:18746: checking fcntl.h presence
configure:18746: g++ -E  conftest.cpp
configure:18746: $? = 0
configure:18746: result: yes
configure:18746: checking for fcntl.h
configure:18746: result: yes
configure:18746: checking for inttypes.h
configure:18746: result: yes
configure:18746: checking limits.h usability
configure:18746: g++ -c  -g -std=c++11 -DNDEBUG  conftest.cpp >&5
configure:18746: $? = 0
configure:18746: result: yes
configure:18746: checking limits.h presence
configure:18746: g++ -E  conftest.cpp
configure:18746: $? = 0
configure:18746: result: yes
configure:18746: checking for limits.h
configure:18746: result: yes
configure:18746: checking for stdlib.h
configure:18746: result: yes
configure:18746: checking for unistd.h
configure:18746: result: yes
configure:18758: checking for working memcmp
configure:18801: g++ -o conftest  -g -std=c++11 -DNDEBUG   conftest.cpp  >&5
configure:18801: $? = 0
configure:18801: ./conftest
configure:18801: $? = 0
configure:18811: result: yes
configure:18820: checking for working strtod
configure:18861: g++ -o conftest  -g -std=c++11 -DNDEBUG   conftest.cpp  >&5
conftest.cpp:76:20: warning: ISO C++11 does not allow conversion from string literal to 'char *' [-Wwritable-strings]
    char *string = " +69";
                   ^
conftest.cpp:87:20: warning: ISO C++11 does not allow conversion from string literal to 'char *' [-Wwritable-strings]
    char *string = "NaN";
                   ^
2 warnings generated.
configure:18861: $? = 0
configure:18861: ./conftest
configure:18861: $? = 0
configure:18871: result: yes
configure:18936: checking for ftruncate
configure:18936: g++ -o conftest  -g -std=c++11 -DNDEBUG   conftest.cpp  >&5
configure:18936: $? = 0
configure:18936: result: yes
configure:18936: checking for memset
configure:18936: g++ -o conftest  -g -std=c++11 -DNDEBUG   conftest.cpp  >&5
configure:18936: $? = 0
configure:18936: result: yes
configure:18936: checking for mkdir
configure:18936: g++ -o conftest  -g -std=c++11 -DNDEBUG   conftest.cpp  >&5
configure:18936: $? = 0
configure:18936: result: yes
configure:18936: checking for strchr
configure:18936: g++ -o conftest  -g -std=c++11 -DNDEBUG   conftest.cpp  >&5
configure:18936: $? = 0
configure:18936: result: yes
configure:18936: checking for strerror
configure:18936: g++ -o conftest  -g -std=c++11 -DNDEBUG   conftest.cpp  >&5
configure:18936: $? = 0
configure:18936: result: yes
configure:18936: checking for strtol
configure:18936: g++ -o conftest  -g -std=c++11 -DNDEBUG   conftest.cpp  >&5
configure:18936: $? = 0
configure:18936: result: yes
configure:18950: checking zlib version
configure:18970: g++ -c  -g -std=c++11 -DNDEBUG  conftest.cpp >&5
configure:18970: $? = 0
configure:18972: result: ok (1.2.0.4 or later)
configure:18976: checking for library containing zlibVersion
configure:19007: g++ -o conftest  -g -std=c++11 -DNDEBUG   conftest.cpp  >&5
Undefined symbols for architecture x86_64:
  "_zlibVersion", referenced from:
      _main in conftest-4e208a.o
ld: symbol(s) not found for architecture x86_64
clang: error: linker command failed with exit code 1 (use -v to see invocation)
configure:19007: $? = 1
configure: failed program was:
| /* confdefs.h */
| #define PACKAGE_NAME "Protocol Buffers"
| #define PACKAGE_TARNAME "protobuf"
| #define PACKAGE_VERSION "3.6.1"
| #define PACKAGE_STRING "Protocol Buffers 3.6.1"
| #define PACKAGE_BUGREPORT "protobuf@googlegroups.com"
| #define PACKAGE_URL ""
| #define PACKAGE "protobuf"
| #define VERSION "3.6.1"
| #define STDC_HEADERS 1
| #define HAVE_SYS_TYPES_H 1
| #define HAVE_SYS_STAT_H 1
| #define HAVE_STDLIB_H 1
| #define HAVE_STRING_H 1
| #define HAVE_MEMORY_H 1
| #define HAVE_STRINGS_H 1
| #define HAVE_INTTYPES_H 1
| #define HAVE_STDINT_H 1
| #define HAVE_UNISTD_H 1
| #define __EXTENSIONS__ 1
| #define _ALL_SOURCE 1
| #define _GNU_SOURCE 1
| #define _POSIX_PTHREAD_SEMANTICS 1
| #define _TANDEM_SOURCE 1
| #define HAVE_DLFCN_H 1
| #define LT_OBJDIR ".libs/"
| #define STDC_HEADERS 1
| #define HAVE_FCNTL_H 1
| #define HAVE_INTTYPES_H 1
| #define HAVE_LIMITS_H 1
| #define HAVE_STDLIB_H 1
| #define HAVE_UNISTD_H 1
| #define HAVE_FTRUNCATE 1
| #define HAVE_MEMSET 1
| #define HAVE_MKDIR 1
| #define HAVE_STRCHR 1
| #define HAVE_STRERROR 1
| #define HAVE_STRTOL 1
| /* end confdefs.h.  */
| 
| /* Override any GCC internal prototype to avoid an error.
|    Use char because int might match the return type of a GCC
|    builtin and then its argument prototype would still apply.  */
| #ifdef __cplusplus
| extern "C"
| #endif
| char zlibVersion ();
| int
| main ()
| {
| return zlibVersion ();
|   ;
|   return 0;
| }
configure:19007: g++ -o conftest  -g -std=c++11 -DNDEBUG   conftest.cpp -lz   >&5
configure:19007: $? = 0
configure:19024: result: -lz
configure:19294: checking whether gcc is Clang
configure:19319: result: yes
configure:19366: checking whether Clang needs flag to prevent "argument unused" warning when linking with -pthread
configure:19391: gcc -o conftest -Werror -Wunknown-warning-option  -pthread    conftest.c -lz  >&5
configure:19391: $? = 0
configure:19397: (gcc -c -Werror -Wunknown-warning-option  -pthread   conftest.c >&5) && (echo ==== >&5) && (gcc -o conftest -Werror -Wunknown-warning-option  -pthread    conftest.o -lz  >&5)
====
configure:19397: $? = 0
configure:19415: result: no
configure:19564: checking for joinable pthread attribute
configure:19582: gcc -o conftest  -pthread   conftest.c  -lz  >&5
configure:19582: $? = 0
configure:19590: result: PTHREAD_CREATE_JOINABLE
configure:19604: checking whether more special flags are required for pthreads
configure:19617: result: no
configure:19625: checking for PTHREAD_PRIO_INHERIT
configure:19641: gcc -o conftest  -pthread   conftest.c  -lz  >&5
configure:19641: $? = 0
configure:19650: result: yes
configure:19762: checking the location of hash_map
configure:19788: g++ -c  -g -std=c++11 -DNDEBUG  conftest.cpp >&5
configure:19788: $? = 0
configure:19810: g++ -c  -g -std=c++11 -DNDEBUG  conftest.cpp >&5
configure:19810: $? = 0
configure:19877: result: <unordered_map>
configure:19892: checking for library containing sched_yield
configure:19923: g++ -o conftest  -g -std=c++11 -DNDEBUG   conftest.cpp -lz  >&5
configure:19923: $? = 0
configure:19940: result: none required
configure:19979: checking whether g++ supports C++11 features by default
configure:20292: g++ -c  -g -std=c++11 -DNDEBUG  conftest.cpp >&5
configure:20292: $? = 0
configure:20299: result: yes
configure:20801: checking that generated files are newer than configure
configure:20807: result: done
configure:20870: creating ./config.status

## ---------------------- ##
## Running config.status. ##
## ---------------------- ##

This file was extended by Protocol Buffers config.status 3.6.1, which was
generated by GNU Autoconf 2.69.  Invocation command line was

  CONFIG_FILES    = 
  CONFIG_HEADERS  = 
  CONFIG_LINKS    = 
  CONFIG_COMMANDS = 
  $ ./config.status 

on dzcxdeMacBook-Air.local

config.status:1225: creating Makefile
config.status:1225: creating src/Makefile
config.status:1225: creating benchmarks/Makefile
config.status:1225: creating conformance/Makefile
config.status:1225: creating protobuf.pc
config.status:1225: creating protobuf-lite.pc
config.status:1225: creating config.h
config.status:1454: executing depfiles commands
config.status:1454: executing libtool commands
configure:23349: === configuring in third_party/googletest (/Users/dzcx/Desktop/iOS/iOS笔记/Tcp/protobuf/protobuf-3.6.1/third_party/googletest)
configure:23412: running /bin/sh ./configure --disable-option-checking '--prefix=/usr/local'  --cache-file=/dev/null --srcdir=.

## ---------------- ##
## Cache variables. ##
## ---------------- ##

ac_cv_build=x86_64-apple-darwin17.7.0
ac_cv_build_prog_CPP='gcc -E'
ac_cv_build_prog_CXXCPP='g++ -E'
ac_cv_build_prog_cc_g=yes
ac_cv_build_prog_cxx_g=yes
ac_cv_c_compiler_gnu=yes
ac_cv_cxx_compiler_gnu=yes
ac_cv_cxx_hash_map='<unordered_map>'
ac_cv_cxx_hash_map_class=unordered_map
ac_cv_cxx_hash_namespace=std
ac_cv_cxx_hash_set='<unordered_set>'
ac_cv_cxx_hash_set_class=unordered_set
ac_cv_env_CCC_set=
ac_cv_env_CCC_value=
ac_cv_env_CC_set=
ac_cv_env_CC_value=
ac_cv_env_CFLAGS_set=
ac_cv_env_CFLAGS_value=
ac_cv_env_CPPFLAGS_set=
ac_cv_env_CPPFLAGS_value=
ac_cv_env_CPP_set=
ac_cv_env_CPP_value=
ac_cv_env_CXXCPP_set=
ac_cv_env_CXXCPP_value=
ac_cv_env_CXXFLAGS_set=
ac_cv_env_CXXFLAGS_value=
ac_cv_env_CXX_set=
ac_cv_env_CXX_value=
ac_cv_env_DIST_LANG_set=
ac_cv_env_DIST_LANG_value=
ac_cv_env_LDFLAGS_set=
ac_cv_env_LDFLAGS_value=
ac_cv_env_LIBS_set=
ac_cv_env_LIBS_value=
ac_cv_env_LT_SYS_LIBRARY_PATH_set=
ac_cv_env_LT_SYS_LIBRARY_PATH_value=
ac_cv_env_OBJCFLAGS_set=
ac_cv_env_OBJCFLAGS_value=
ac_cv_env_OBJC_set=
ac_cv_env_OBJC_value=
ac_cv_env_build_alias_set=
ac_cv_env_build_alias_value=
ac_cv_env_host_alias_set=
ac_cv_env_host_alias_value=
ac_cv_env_target_alias_set=
ac_cv_env_target_alias_value=
ac_cv_func_ftruncate=yes
ac_cv_func_memcmp_working=yes
ac_cv_func_memset=yes
ac_cv_func_mkdir=yes
ac_cv_func_strchr=yes
ac_cv_func_strerror=yes
ac_cv_func_strtod=yes
ac_cv_func_strtol=yes
ac_cv_have_decl___SUNPRO_CC=no
ac_cv_header_dlfcn_h=yes
ac_cv_header_fcntl_h=yes
ac_cv_header_inttypes_h=yes
ac_cv_header_limits_h=yes
ac_cv_header_memory_h=yes
ac_cv_header_minix_config_h=no
ac_cv_header_stdc=yes
ac_cv_header_stdint_h=yes
ac_cv_header_stdlib_h=yes
ac_cv_header_string_h=yes
ac_cv_header_strings_h=yes
ac_cv_header_sys_stat_h=yes
ac_cv_header_sys_types_h=yes
ac_cv_header_unistd_h=yes
ac_cv_host=x86_64-apple-darwin17.7.0
ac_cv_objc_compiler_gnu=yes
ac_cv_objext=o
ac_cv_path_EGREP='/usr/bin/grep -E'
ac_cv_path_FGREP='/usr/bin/grep -F'
ac_cv_path_GREP=/usr/bin/grep
ac_cv_path_SED=/usr/bin/sed
ac_cv_path_install='/usr/bin/install -c'
ac_cv_path_lt_DD=/bin/dd
ac_cv_prog_AWK=awk
ac_cv_prog_CPP='gcc -E'
ac_cv_prog_CXXCPP='g++ -E'
ac_cv_prog_ac_ct_AR=ar
ac_cv_prog_ac_ct_CC=gcc
ac_cv_prog_ac_ct_CC_FOR_BUILD=gcc
ac_cv_prog_ac_ct_CXX=g++
ac_cv_prog_ac_ct_CXX_FOR_BUILD=g++
ac_cv_prog_ac_ct_DSYMUTIL=dsymutil
ac_cv_prog_ac_ct_LIPO=lipo
ac_cv_prog_ac_ct_NMEDIT=nmedit
ac_cv_prog_ac_ct_OBJC=gcc
ac_cv_prog_ac_ct_OBJDUMP=objdump
ac_cv_prog_ac_ct_OTOOL=otool
ac_cv_prog_ac_ct_RANLIB=ranlib
ac_cv_prog_ac_ct_STRIP=strip
ac_cv_prog_cc_c89=
ac_cv_prog_cc_g=yes
ac_cv_prog_cxx_g=yes
ac_cv_prog_make_make_set=yes
ac_cv_prog_objc_g=yes
ac_cv_safe_to_define___extensions__=yes
ac_cv_search_sched_yield='none required'
ac_cv_search_zlibVersion=-lz
ac_cv_target=x86_64-apple-darwin17.7.0
am_cv_CC_dependencies_compiler_type=gcc3
am_cv_CXX_dependencies_compiler_type=gcc3
am_cv_OBJC_dependencies_compiler_type=gcc3
am_cv_ar_interface=ar
am_cv_make_support_nested_variables=yes
am_cv_prog_cc_c_o=yes
am_cv_prog_tar_ustar=gnutar
ax_cv_PTHREAD_CLANG=yes
ax_cv_PTHREAD_CLANG_NO_WARN_FLAG=no
ax_cv_PTHREAD_JOINABLE_ATTR=PTHREAD_CREATE_JOINABLE
ax_cv_PTHREAD_PRIO_INHERIT=yes
ax_cv_PTHREAD_SPECIAL_FLAGS=no
ax_cv_cxx_compile_cxx11=yes
lt_cv_apple_cc_single_mod=yes
lt_cv_ar_at_file=no
lt_cv_deplibs_check_method=pass_all
lt_cv_file_magic_cmd='$MAGIC_CMD'
lt_cv_file_magic_test_file=
lt_cv_ld_exported_symbols_list=yes
lt_cv_ld_force_load=yes
lt_cv_ld_reload_flag=-r
lt_cv_nm_interface='BSD nm'
lt_cv_objdir=.libs
lt_cv_path_LD=/Library/Developer/CommandLineTools/usr/bin/ld
lt_cv_path_LDCXX=/Library/Developer/CommandLineTools/usr/bin/ld
lt_cv_path_NM='/usr/bin/nm -B'
lt_cv_path_mainfest_tool=no
lt_cv_prog_compiler_c_o=yes
lt_cv_prog_compiler_c_o_CXX=yes
lt_cv_prog_compiler_pic='-fno-common -DPIC'
lt_cv_prog_compiler_pic_CXX='-fno-common -DPIC'
lt_cv_prog_compiler_pic_works=yes
lt_cv_prog_compiler_pic_works_CXX=yes
lt_cv_prog_compiler_rtti_exceptions=yes
lt_cv_prog_compiler_static_works=no
lt_cv_prog_compiler_static_works_CXX=no
lt_cv_prog_gnu_ld=no
lt_cv_prog_gnu_ldcxx=no
lt_cv_sharedlib_from_linklib_cmd='printf %s\n'
lt_cv_sys_global_symbol_pipe='sed -n -e '\''s/^.*[	 ]\([BCDEGRST][BCDEGRST]*\)[	 ][	 ]*_\([_A-Za-z][_A-Za-z0-9]*\)$/\1 _\2 \2/p'\'' | sed '\''/ __gnu_lto/d'\'''
lt_cv_sys_global_symbol_to_c_name_address='sed -n -e '\''s/^: \(.*\) .*$/  {"\1", (void *) 0},/p'\'' -e '\''s/^[BCDEGRST][BCDEGRST]* .* \(.*\)$/  {"\1", (void *) \&\1},/p'\'''
lt_cv_sys_global_symbol_to_c_name_address_lib_prefix='sed -n -e '\''s/^: \(.*\) .*$/  {"\1", (void *) 0},/p'\'' -e '\''s/^[BCDEGRST][BCDEGRST]* .* \(lib.*\)$/  {"\1", (void *) \&\1},/p'\'' -e '\''s/^[BCDEGRST][BCDEGRST]* .* \(.*\)$/  {"lib\1", (void *) \&\1},/p'\'''
lt_cv_sys_global_symbol_to_cdecl='sed -n -e '\''s/^T .* \(.*\)$/extern int \1();/p'\'' -e '\''s/^[BCDEGRST][BCDEGRST]* .* \(.*\)$/extern char \1;/p'\'''
lt_cv_sys_global_symbol_to_import=
lt_cv_sys_max_cmd_len=196608
lt_cv_to_host_file_cmd=func_convert_file_noop
lt_cv_to_tool_file_cmd=func_convert_file_noop
lt_cv_truncate_bin='/bin/dd bs=4096 count=1'

## ----------------- ##
## Output variables. ##
## ----------------- ##

ACLOCAL='${SHELL} /Users/dzcx/Desktop/iOS/iOS笔记/Tcp/protobuf/protobuf-3.6.1/missing aclocal-1.15'
AMDEPBACKSLASH='\'
AMDEP_FALSE='#'
AMDEP_TRUE=''
AMTAR='$${TAR-tar}'
AM_BACKSLASH='\'
AM_DEFAULT_V='$(AM_DEFAULT_VERBOSITY)'
AM_DEFAULT_VERBOSITY='1'
AM_V='$(V)'
AR='ar'
AUTOCONF='${SHELL} /Users/dzcx/Desktop/iOS/iOS笔记/Tcp/protobuf/protobuf-3.6.1/missing autoconf'
AUTOHEADER='${SHELL} /Users/dzcx/Desktop/iOS/iOS笔记/Tcp/protobuf/protobuf-3.6.1/missing autoheader'
AUTOMAKE='${SHELL} /Users/dzcx/Desktop/iOS/iOS笔记/Tcp/protobuf/protobuf-3.6.1/missing automake-1.15'
AWK='awk'
BUILD_EXEEXT=''
BUILD_OBJEXT=''
CC='gcc'
CCDEPMODE='depmode=gcc3'
CC_FOR_BUILD='gcc'
CFLAGS=''
CFLAGS_FOR_BUILD='-g -O2'
CPP='gcc -E'
CPPFLAGS=''
CPPFLAGS_FOR_BUILD=''
CPP_FOR_BUILD='gcc -E'
CXX='g++'
CXXCPP='g++ -E'
CXXCPPFLAGS_FOR_BUILD=''
CXXCPP_FOR_BUILD='g++ -E'
CXXDEPMODE='depmode=gcc3'
CXXFLAGS=' -g -std=c++11 -DNDEBUG'
CXXFLAGS_FOR_BUILD='-g -O2'
CXX_FOR_BUILD='g++'
CYGPATH_W='echo'
DEFS='-DHAVE_CONFIG_H'
DEPDIR='.deps'
DIST_LANG='all'
DLLTOOL='false'
DSYMUTIL='dsymutil'
DUMPBIN=''
ECHO_C='\c'
ECHO_N=''
ECHO_T=''
EGREP='/usr/bin/grep -E'
EXEEXT=''
FGREP='/usr/bin/grep -F'
GCC_FALSE='#'
GCC_TRUE=''
GREP='/usr/bin/grep'
HAVE_CXX11='1'
HAVE_LD_VERSION_SCRIPT_FALSE=''
HAVE_LD_VERSION_SCRIPT_TRUE='#'
HAVE_PTHREAD_FALSE='#'
HAVE_PTHREAD_TRUE=''
HAVE_ZLIB_FALSE='#'
HAVE_ZLIB_TRUE=''
INSTALL_DATA='${INSTALL} -m 644'
INSTALL_PROGRAM='${INSTALL}'
INSTALL_SCRIPT='${INSTALL}'
INSTALL_STRIP_PROGRAM='$(install_sh) -c -s'
ISAINFO=''
LD='/Library/Developer/CommandLineTools/usr/bin/ld'
LDFLAGS=''
LDFLAGS_FOR_BUILD=''
LIBOBJS=''
LIBS='-lz '
LIBTOOL='$(SHELL) $(top_builddir)/libtool'
LIPO='lipo'
LN_S='ln -s'
LTLIBOBJS=''
LT_SYS_LIBRARY_PATH=''
MAINT=''
MAINTAINER_MODE_FALSE='#'
MAINTAINER_MODE_TRUE=''
MAKEINFO='${SHELL} /Users/dzcx/Desktop/iOS/iOS笔记/Tcp/protobuf/protobuf-3.6.1/missing makeinfo'
MANIFEST_TOOL=':'
MKDIR_P='./install-sh -c -d'
NM='/usr/bin/nm -B'
NMEDIT='nmedit'
OBJC='gcc'
OBJCDEPMODE='depmode=gcc3'
OBJCFLAGS='-g -O2'
OBJC_CONFORMANCE_TEST_FALSE='#'
OBJC_CONFORMANCE_TEST_TRUE=''
OBJDUMP='objdump'
OBJEXT='o'
OTOOL64=':'
OTOOL='otool'
PACKAGE='protobuf'
PACKAGE_BUGREPORT='protobuf@googlegroups.com'
PACKAGE_NAME='Protocol Buffers'
PACKAGE_STRING='Protocol Buffers 3.6.1'
PACKAGE_TARNAME='protobuf'
PACKAGE_URL=''
PACKAGE_VERSION='3.6.1'
PATH_SEPARATOR=':'
POW_LIB=''
PROTOBUF_OPT_FLAG='-O2'
PROTOC=''
PTHREAD_CC='gcc'
PTHREAD_CFLAGS='-pthread'
PTHREAD_LIBS=''
RANLIB='ranlib'
SED='/usr/bin/sed'
SET_MAKE=''
SHELL='/bin/sh'
STRIP='strip'
USE_EXTERNAL_PROTOC_FALSE=''
USE_EXTERNAL_PROTOC_TRUE='#'
VERSION='3.6.1'
ac_ct_AR='ar'
ac_ct_CC='gcc'
ac_ct_CC_FOR_BUILD='gcc'
ac_ct_CXX='g++'
ac_ct_CXX_FOR_BUILD='g++'
ac_ct_DUMPBIN=''
ac_ct_OBJC='gcc'
am__EXEEXT_FALSE=''
am__EXEEXT_TRUE='#'
am__fastdepCC_FALSE='#'
am__fastdepCC_TRUE=''
am__fastdepCXX_FALSE='#'
am__fastdepCXX_TRUE=''
am__fastdepOBJC_FALSE='#'
am__fastdepOBJC_TRUE=''
am__include='include'
am__isrc=''
am__leading_dot='.'
am__nodep='_no'
am__quote=''
am__tar='tar --format=ustar -chf - "$$tardir"'
am__untar='tar -xf -'
ax_pthread_config=''
bindir='${exec_prefix}/bin'
build='x86_64-apple-darwin17.7.0'
build_alias=''
build_cpu='x86_64'
build_os='darwin17.7.0'
build_vendor='apple'
datadir='${datarootdir}'
datarootdir='${prefix}/share'
docdir='${datarootdir}/doc/${PACKAGE_TARNAME}'
dvidir='${docdir}'
exec_prefix='${prefix}'
host='x86_64-apple-darwin17.7.0'
host_alias=''
host_cpu='x86_64'
host_os='darwin17.7.0'
host_vendor='apple'
htmldir='${docdir}'
includedir='${prefix}/include'
infodir='${datarootdir}/info'
install_sh='${SHELL} /Users/dzcx/Desktop/iOS/iOS笔记/Tcp/protobuf/protobuf-3.6.1/install-sh'
libdir='${exec_prefix}/lib'
libexecdir='${exec_prefix}/libexec'
localedir='${datarootdir}/locale'
localstatedir='${prefix}/var'
mandir='${datarootdir}/man'
mkdir_p='$(MKDIR_P)'
oldincludedir='/usr/include'
pdfdir='${docdir}'
prefix='/usr/local'
program_transform_name='s,x,x,'
psdir='${docdir}'
sbindir='${exec_prefix}/sbin'
sharedstatedir='${prefix}/com'
subdirs=' third_party/googletest'
sysconfdir='${prefix}/etc'
target='x86_64-apple-darwin17.7.0'
target_alias=''
target_cpu='x86_64'
target_os='darwin17.7.0'
target_vendor='apple'

## ----------- ##
## confdefs.h. ##
## ----------- ##

/* confdefs.h */
#define PACKAGE_NAME "Protocol Buffers"
#define PACKAGE_TARNAME "protobuf"
#define PACKAGE_VERSION "3.6.1"
#define PACKAGE_STRING "Protocol Buffers 3.6.1"
#define PACKAGE_BUGREPORT "protobuf@googlegroups.com"
#define PACKAGE_URL ""
#define PACKAGE "protobuf"
#define VERSION "3.6.1"
#define STDC_HEADERS 1
#define HAVE_SYS_TYPES_H 1
#define HAVE_SYS_STAT_H 1
#define HAVE_STDLIB_H 1
#define HAVE_STRING_H 1
#define HAVE_MEMORY_H 1
#define HAVE_STRINGS_H 1
#define HAVE_INTTYPES_H 1
#define HAVE_STDINT_H 1
#define HAVE_UNISTD_H 1
#define __EXTENSIONS__ 1
#define _ALL_SOURCE 1
#define _GNU_SOURCE 1
#define _POSIX_PTHREAD_SEMANTICS 1
#define _TANDEM_SOURCE 1
#define HAVE_DLFCN_H 1
#define LT_OBJDIR ".libs/"
#define STDC_HEADERS 1
#define HAVE_FCNTL_H 1
#define HAVE_INTTYPES_H 1
#define HAVE_LIMITS_H 1
#define HAVE_STDLIB_H 1
#define HAVE_UNISTD_H 1
#define HAVE_FTRUNCATE 1
#define HAVE_MEMSET 1
#define HAVE_MKDIR 1
#define HAVE_STRCHR 1
#define HAVE_STRERROR 1
#define HAVE_STRTOL 1
#define HAVE_ZLIB 1
#define HAVE_PTHREAD_PRIO_INHERIT 1
#define HAVE_PTHREAD 1
#define HAVE_HASH_MAP 1
#define HAVE_HASH_SET 1
#define HASH_MAP_H <unordered_map>
#define HASH_SET_H <unordered_set>
#define HASH_NAMESPACE std
#define HASH_MAP_CLASS unordered_map
#define HASH_SET_CLASS unordered_set
#define HAVE_CXX11 1

configure: exit 0
